
tscc-mgr.local: 
                                                                                  Req'd    Req'd       Elap
Job ID                  Username    Queue    Jobname          SessID  NDS   TSK   Memory   Time    S   Time
----------------------- ----------- -------- ---------------- ------ ----- ------ ------ --------- - ---------
5781161.tscc-mgr.local  ongsp       glean    job                   0     1     24    --   24:00:00 R  00:00:07
5781162.tscc-mgr.local  ongsp       glean    job               29527     1     24    --   24:00:00 R  00:00:03
5781163.tscc-mgr.local  ongsp       glean    job                 --      1     24    --   24:00:00 R  00:00:02

tscc-mgr.local: 
                                                                                  Req'd    Req'd       Elap
Job ID                  Username    Queue    Jobname          SessID  NDS   TSK   Memory   Time    S   Time
----------------------- ----------- -------- ---------------- ------ ----- ------ ------ --------- - ---------
5781161.tscc-mgr.local  ongsp       glean    job                   0     1     24    --   24:00:00 R  00:00:09
5781162.tscc-mgr.local  ongsp       glean    job               29527     1     24    --   24:00:00 R  00:00:05
5781163.tscc-mgr.local  ongsp       glean    job               16041     1     24    --   24:00:00 R  00:00:00
Nodes:        tscc-3-0

tscc-mgr.local: 
                                                                                  Req'd    Req'd       Elap
Job ID                  Username    Queue    Jobname          SessID  NDS   TSK   Memory   Time    S   Time
----------------------- ----------- -------- ---------------- ------ ----- ------ ------ --------- - ---------
5781161.tscc-mgr.local  ongsp       glean    job                   0     1     24    --   24:00:00 R  00:01:49
5781162.tscc-mgr.local  ongsp       glean    job               29527     1     24    --   24:00:00 R  00:01:45
5781163.tscc-mgr.local  ongsp       glean    job               16041     1     24    --   24:00:00 R  00:01:40
